<?xml version="1.0" encoding="UTF-8"?>
<!-- Generated by org.testng.reporters.JUnitReportReporter -->
<testsuite hostname="DESKTOP-LCK0IPK" failures="0" tests="6" name="Testing.Test_E" time="0.082" errors="0" timestamp="2022-08-14T20:01:19 IST" skipped="1">
  <testcase classname="Testing.Test_E" name="SS" time="0.002"/>
  <system-out/>
  <testcase classname="Testing.Test_E" name="SS" time="0.003"/>
  <system-out/>
  <testcase classname="Testing.Test_E" name="p" time="0.003"/>
  <system-out/>
  <testcase classname="Testing.Test_E" name="SS" time="0.072"/>
  <system-out/>
  <testcase classname="Testing.Test_E" name="P1" time="0.002"/>
  <system-out/>
  <testcase classname="Testing.Test_E" name="E">
    <skipped/>
  </testcase> <!-- E -->
  <system-out/>
</testsuite> <!-- Testing.Test_E -->
