<?xml version="1.0" encoding="UTF-8"?>
<!-- Generated by org.testng.reporters.JUnitReportReporter -->
<testsuite hostname="DESKTOP-LCK0IPK" failures="0" tests="1" name="Testng_Program.Test_3" time="8.696" errors="0" timestamp="2022-08-12T13:15:19 IST" skipped="0">
  <testcase classname="Testng_Program.Test_3" name="Test_6" time="8.696"/>
  <system-out/>
</testsuite> <!-- Testng_Program.Test_3 -->
