<?xml version="1.0" encoding="UTF-8"?>
<!-- Generated by org.testng.reporters.JUnitReportReporter -->
<testsuite hostname="DESKTOP-LCK0IPK" failures="0" tests="5" name="Testng_Program.Test_2" time="54.816" errors="0" timestamp="2022-08-14T07:36:10 IST" skipped="0">
  <testcase classname="Testng_Program.Test_2" name="Test_2" time="7.950"/>
  <system-out/>
  <testcase classname="Testng_Program.Test_2" name="Test_1" time="22.835"/>
  <system-out/>
  <testcase classname="Testng_Program.Test_2" name="Test_3" time="8.111"/>
  <system-out/>
  <testcase classname="Testng_Program.Test_2" name="Test_5" time="8.079"/>
  <system-out/>
  <testcase classname="Testng_Program.Test_2" name="Test_4" time="7.841"/>
  <system-out/>
</testsuite> <!-- Testng_Program.Test_2 -->
