<?xml version="1.0" encoding="UTF-8"?>
<!-- Generated by org.testng.reporters.JUnitReportReporter -->
<testsuite hostname="DESKTOP-LCK0IPK" failures="0" tests="2" name="Testing.Test_Hard" time="0.031" errors="0" timestamp="2022-08-15T15:17:48 IST" skipped="0">
  <testcase classname="Testing.Test_Hard" name="hard" time="0.006"/>
  <system-out/>
  <testcase classname="Testing.Test_Hard" name="Test_2" time="0.025"/>
  <system-out/>
</testsuite> <!-- Testing.Test_Hard -->
