<?xml version="1.0" encoding="UTF-8"?>
<!-- Generated by org.testng.reporters.JUnitReportReporter -->
<testsuite hostname="DESKTOP-LCK0IPK" failures="0" tests="5" name="Testing.Test_P" time="0.057" errors="0" timestamp="2022-08-14T19:49:27 IST" skipped="0">
  <testcase classname="Testing.Test_P" name="c" time="0.047"/>
  <system-out/>
  <testcase classname="Testing.Test_P" name="A" time="0.002"/>
  <system-out/>
  <testcase classname="Testing.Test_P" name="S" time="0.002"/>
  <system-out/>
  <testcase classname="Testing.Test_P" name="B" time="0.003"/>
  <system-out/>
  <testcase classname="Testing.Test_P" name="D" time="0.003"/>
  <system-out/>
</testsuite> <!-- Testing.Test_P -->
