<?xml version="1.0" encoding="UTF-8"?>
<!-- Generated by org.testng.reporters.JUnitReportReporter -->
<testsuite hostname="DESKTOP-LCK0IPK" failures="0" tests="1" name="Testng_Program.Test_1" time="29.828" errors="0" timestamp="2022-08-12T13:07:57 IST" skipped="0">
  <testcase classname="Testng_Program.Test_1" name="Test_1" time="29.828"/>
  <system-out/>
</testsuite> <!-- Testng_Program.Test_1 -->
