<?xml version="1.0" encoding="UTF-8"?>
<!-- Generated by org.testng.reporters.JUnitReportReporter -->
<testsuite hostname="DESKTOP-LCK0IPK" failures="0" tests="1" name="Testing.Test_Reg" time="0.020" errors="0" timestamp="2022-08-17T13:54:21 IST" skipped="0">
  <testcase classname="Testing.Test_Reg" name="Reg" time="0.020"/>
  <system-out/>
</testsuite> <!-- Testing.Test_Reg -->
